#
# There is insufficient memory for the Java Runtime Environment to continue.
# Native memory allocation (malloc) failed to allocate 141216 bytes. Error detail: Chunk::new
# Possible reasons:
#   The system is out of physical RAM or swap space
#   This process is running with CompressedOops enabled, and the Java Heap may be blocking the growth of the native heap
# Possible solutions:
#   Reduce memory load on the system
#   Increase physical memory or swap space
#   Check if swap backing store is full
#   Decrease Java heap size (-Xmx/-Xms)
#   Decrease number of Java threads
#   Decrease Java thread stack sizes (-Xss)
#   Set larger code cache with -XX:ReservedCodeCacheSize=
#   JVM is running with Zero Based Compressed Oops mode in which the Java heap is
#     placed in the first 32GB address space. The Java Heap base address is the
#     maximum limit for the native heap growth. Please use -XX:HeapBaseMinAddress
#     to set the Java Heap base and to place the Java Heap above 32GB virtual address.
# This output file may be truncated or incomplete.
#
#  Out of Memory Error (arena.cpp:168), pid=11556, tid=22388
#
# JRE version: OpenJDK Runtime Environment Temurin-21.0.7+6 (21.0.7+6) (build 21.0.7+6-LTS)
# Java VM: OpenJDK 64-Bit Server VM Temurin-21.0.7+6 (21.0.7+6-LTS, mixed mode, sharing, tiered, compressed oops, compressed class ptrs, g1 gc, windows-amd64)
# No core dump will be written. Minidumps are not enabled by default on client versions of Windows
#

---------------  S U M M A R Y ------------

Command Line: -XX:+ShowCodeDetailsInExceptionMessages com.linhtch90.psnbackend.PsnBackendApplication

Host: 11th Gen Intel(R) Core(TM) i7-1165G7 @ 2.80GHz, 8 cores, 15G,  Windows 11 , 64 bit Build 26100 (10.0.26100.3912)
Time: Sat May 17 22:04:49 2025 Sri Lanka Standard Time elapsed time: 2.009272 seconds (0d 0h 0m 2s)

---------------  T H R E A D  ---------------

Current thread (0x000001dd84003ec0):  JavaThread "C2 CompilerThread0" daemon [_thread_in_native, id=22388, stack(0x0000002f8a900000,0x0000002f8aa00000) (1024K)]


Current CompileTask:
C2:2009 1982       4       jdk.internal.jimage.ImageLocation::verify (218 bytes)

Stack: [0x0000002f8a900000,0x0000002f8aa00000]
Native frames: (J=compiled Java code, j=interpreted, Vv=VM code, C=native code)
V  [jvm.dll+0x6ce119]
V  [jvm.dll+0x8a84a1]
V  [jvm.dll+0x8aa9ce]
V  [jvm.dll+0x8ab0b3]
V  [jvm.dll+0x27f8a6]
V  [jvm.dll+0xc507d]
V  [jvm.dll+0xc55b3]
V  [jvm.dll+0x2f2c6d]
V  [jvm.dll+0x5f6bca]
V  [jvm.dll+0x250cb2]
V  [jvm.dll+0x24975f]
V  [jvm.dll+0x246fc4]
V  [jvm.dll+0x1c760e]
V  [jvm.dll+0x25695a]
V  [jvm.dll+0x254efa]
V  [jvm.dll+0x3f03f6]
V  [jvm.dll+0x851f6b]
V  [jvm.dll+0x6cc7dd]
C  [ucrtbase.dll+0x37b0]
C  [KERNEL32.DLL+0x2e8d7]
C  [ntdll.dll+0x9c5dc]


---------------  P R O C E S S  ---------------

Threads class SMR info:
_java_thread_list=0x000001dd8511ac40, length=13, elements={
0x000001dd24f017e0, 0x000001dd3e6c1cf0, 0x000001dd3e6c4750, 0x000001dd3e6c9df0,
0x000001dd3e6cb110, 0x000001dd3e6cc1d0, 0x000001dd3e6cd920, 0x000001dd84003ec0,
0x000001dd840050f0, 0x000001dd8414b8c0, 0x000001dd84161750, 0x000001dd85055460,
0x000001dd850c4410
}

Java Threads: ( => current thread )
  0x000001dd24f017e0 JavaThread "main"                              [_thread_in_vm, id=14128, stack(0x0000002f89b00000,0x0000002f89c00000) (1024K)]
  0x000001dd3e6c1cf0 JavaThread "Reference Handler"          daemon [_thread_blocked, id=9640, stack(0x0000002f8a300000,0x0000002f8a400000) (1024K)]
  0x000001dd3e6c4750 JavaThread "Finalizer"                  daemon [_thread_blocked, id=11304, stack(0x0000002f8a400000,0x0000002f8a500000) (1024K)]
  0x000001dd3e6c9df0 JavaThread "Signal Dispatcher"          daemon [_thread_blocked, id=24144, stack(0x0000002f8a500000,0x0000002f8a600000) (1024K)]
  0x000001dd3e6cb110 JavaThread "Attach Listener"            daemon [_thread_blocked, id=25284, stack(0x0000002f8a600000,0x0000002f8a700000) (1024K)]
  0x000001dd3e6cc1d0 JavaThread "Service Thread"             daemon [_thread_blocked, id=27056, stack(0x0000002f8a700000,0x0000002f8a800000) (1024K)]
  0x000001dd3e6cd920 JavaThread "Monitor Deflation Thread"   daemon [_thread_blocked, id=1116, stack(0x0000002f8a800000,0x0000002f8a900000) (1024K)]
=>0x000001dd84003ec0 JavaThread "C2 CompilerThread0"         daemon [_thread_in_native, id=22388, stack(0x0000002f8a900000,0x0000002f8aa00000) (1024K)]
  0x000001dd840050f0 JavaThread "C1 CompilerThread0"         daemon [_thread_blocked, id=17204, stack(0x0000002f8aa00000,0x0000002f8ab00000) (1024K)]
  0x000001dd8414b8c0 JavaThread "Notification Thread"        daemon [_thread_blocked, id=28996, stack(0x0000002f8ab00000,0x0000002f8ac00000) (1024K)]
  0x000001dd84161750 JavaThread "Common-Cleaner"             daemon [_thread_blocked, id=28548, stack(0x0000002f8ac00000,0x0000002f8ad00000) (1024K)]
  0x000001dd85055460 JavaThread "C2 CompilerThread1"         daemon [_thread_in_native, id=28216, stack(0x0000002f8ad00000,0x0000002f8ae00000) (1024K)]
  0x000001dd850c4410 JavaThread "Thread-0"                          [_thread_in_vm, id=21072, stack(0x0000002f8b500000,0x0000002f8b600000) (1024K)]
Total: 13

Other Threads:
  0x000001dd3e6a16b0 VMThread "VM Thread"                           [id=31200, stack(0x0000002f8a200000,0x0000002f8a300000) (1024K)]
  0x000001dd3e68fff0 WatcherThread "VM Periodic Task Thread"        [id=19764, stack(0x0000002f8a100000,0x0000002f8a200000) (1024K)]
  0x000001dd24f70020 WorkerThread "GC Thread#0"                     [id=27972, stack(0x0000002f89c00000,0x0000002f89d00000) (1024K)]
  0x000001dd84cf8d00 WorkerThread "GC Thread#1"                     [id=29348, stack(0x0000002f8ae00000,0x0000002f8af00000) (1024K)]
  0x000001dd84cf98b0 WorkerThread "GC Thread#2"                     [id=23720, stack(0x0000002f8af00000,0x0000002f8b000000) (1024K)]
  0x000001dd84cf9c50 WorkerThread "GC Thread#3"                     [id=29244, stack(0x0000002f8b000000,0x0000002f8b100000) (1024K)]
  0x000001dd84cf9ff0 WorkerThread "GC Thread#4"                     [id=18912, stack(0x0000002f8b100000,0x0000002f8b200000) (1024K)]
  0x000001dd84d74f50 WorkerThread "GC Thread#5"                     [id=4708, stack(0x0000002f8b200000,0x0000002f8b300000) (1024K)]
  0x000001dd84d37ce0 WorkerThread "GC Thread#6"                     [id=16032, stack(0x0000002f8b300000,0x0000002f8b400000) (1024K)]
  0x000001dd84d388a0 WorkerThread "GC Thread#7"                     [id=25820, stack(0x0000002f8b400000,0x0000002f8b500000) (1024K)]
  0x000001dd24f818d0 ConcurrentGCThread "G1 Main Marker"            [id=17840, stack(0x0000002f89d00000,0x0000002f89e00000) (1024K)]
  0x000001dd24f822e0 WorkerThread "G1 Conc#0"                       [id=7020, stack(0x0000002f89e00000,0x0000002f89f00000) (1024K)]
  0x000001dd24fbe8e0 ConcurrentGCThread "G1 Refine#0"               [id=21192, stack(0x0000002f89f00000,0x0000002f8a000000) (1024K)]
  0x000001dd3e55b9c0 ConcurrentGCThread "G1 Service"                [id=18272, stack(0x0000002f8a000000,0x0000002f8a100000) (1024K)]
Total: 14

Threads with active compile tasks:
C2 CompilerThread0  2062 1982       4       jdk.internal.jimage.ImageLocation::verify (218 bytes)
C2 CompilerThread1  2062 2020       4       org.springframework.boot.context.properties.source.ConfigurationPropertyName::getElement (161 bytes)
Total: 2

VM state: not at safepoint (normal execution)

VM Mutex/Monitor currently owned by a thread: None

Heap address: 0x0000000704c00000, size: 4020 MB, Compressed Oops mode: Zero based, Oop shift amount: 3

CDS archive(s) mapped at: [0x000001dd3f000000-0x000001dd3fba0000-0x000001dd3fba0000), size 12189696, SharedBaseAddress: 0x000001dd3f000000, ArchiveRelocationMode: 1.
Compressed class space mapped at: 0x000001dd40000000-0x000001dd80000000, reserved size: 1073741824
Narrow klass base: 0x000001dd3f000000, Narrow klass shift: 0, Narrow klass range: 0x100000000

GC Precious Log:
 CardTable entry size: 512
 Card Set container configuration: InlinePtr #cards 4 size 8 Array Of Cards #cards 16 size 48 Howl #buckets 8 coarsen threshold 3686 Howl Bitmap #cards 512 size 80 coarsen threshold 460 Card regions per heap region 1 cards per card region 4096
 CPUs: 8 total, 8 available
 Memory: 16078M
 Large Page Support: Disabled
 NUMA Support: Disabled
 Compressed Oops: Enabled (Zero based)
 Heap Region Size: 2M
 Heap Min Capacity: 8M
 Heap Initial Capacity: 252M
 Heap Max Capacity: 4020M
 Pre-touch: Disabled
 Parallel Workers: 8
 Concurrent Workers: 2
 Concurrent Refinement Workers: 8
 Periodic GC: Disabled

Heap:
 garbage-first heap   total 258048K, used 15633K [0x0000000704c00000, 0x0000000800000000)
  region size 2048K, 6 young (12288K), 1 survivors (2048K)
 Metaspace       used 15112K, committed 15296K, reserved 1114112K
  class space    used 1827K, committed 1920K, reserved 1048576K

Heap Regions: E=young(eden), S=young(survivor), O=old, HS=humongous(starts), HC=humongous(continues), CS=collection set, F=free, TAMS=top-at-mark-start, PB=parsable bottom
|   0|0x0000000704c00000, 0x0000000704e00000, 0x0000000704e00000|100%| O|  |TAMS 0x0000000704c00000| PB 0x0000000704c00000| Untracked 
|   1|0x0000000704e00000, 0x0000000705000000, 0x0000000705000000|100%| O|  |TAMS 0x0000000704e00000| PB 0x0000000704e00000| Untracked 
|   2|0x0000000705000000, 0x0000000705192258, 0x0000000705200000| 78%| O|  |TAMS 0x0000000705000000| PB 0x0000000705000000| Untracked 
|   3|0x0000000705200000, 0x0000000705200000, 0x0000000705400000|  0%| F|  |TAMS 0x0000000705200000| PB 0x0000000705200000| Untracked 
|   4|0x0000000705400000, 0x0000000705400000, 0x0000000705600000|  0%| F|  |TAMS 0x0000000705400000| PB 0x0000000705400000| Untracked 
|   5|0x0000000705600000, 0x0000000705600000, 0x0000000705800000|  0%| F|  |TAMS 0x0000000705600000| PB 0x0000000705600000| Untracked 
|   6|0x0000000705800000, 0x0000000705800000, 0x0000000705a00000|  0%| F|  |TAMS 0x0000000705800000| PB 0x0000000705800000| Untracked 
|   7|0x0000000705a00000, 0x0000000705a00000, 0x0000000705c00000|  0%| F|  |TAMS 0x0000000705a00000| PB 0x0000000705a00000| Untracked 
|   8|0x0000000705c00000, 0x0000000705c00000, 0x0000000705e00000|  0%| F|  |TAMS 0x0000000705c00000| PB 0x0000000705c00000| Untracked 
|   9|0x0000000705e00000, 0x0000000705e00000, 0x0000000706000000|  0%| F|  |TAMS 0x0000000705e00000| PB 0x0000000705e00000| Untracked 
|  10|0x0000000706000000, 0x0000000706000000, 0x0000000706200000|  0%| F|  |TAMS 0x0000000706000000| PB 0x0000000706000000| Untracked 
|  11|0x0000000706200000, 0x0000000706200000, 0x0000000706400000|  0%| F|  |TAMS 0x0000000706200000| PB 0x0000000706200000| Untracked 
|  12|0x0000000706400000, 0x0000000706400000, 0x0000000706600000|  0%| F|  |TAMS 0x0000000706400000| PB 0x0000000706400000| Untracked 
|  13|0x0000000706600000, 0x0000000706600000, 0x0000000706800000|  0%| F|  |TAMS 0x0000000706600000| PB 0x0000000706600000| Untracked 
|  14|0x0000000706800000, 0x0000000706800000, 0x0000000706a00000|  0%| F|  |TAMS 0x0000000706800000| PB 0x0000000706800000| Untracked 
|  15|0x0000000706a00000, 0x0000000706a00000, 0x0000000706c00000|  0%| F|  |TAMS 0x0000000706a00000| PB 0x0000000706a00000| Untracked 
|  16|0x0000000706c00000, 0x0000000706c00000, 0x0000000706e00000|  0%| F|  |TAMS 0x0000000706c00000| PB 0x0000000706c00000| Untracked 
|  17|0x0000000706e00000, 0x0000000706e00000, 0x0000000707000000|  0%| F|  |TAMS 0x0000000706e00000| PB 0x0000000706e00000| Untracked 
|  18|0x0000000707000000, 0x0000000707000000, 0x0000000707200000|  0%| F|  |TAMS 0x0000000707000000| PB 0x0000000707000000| Untracked 
|  19|0x0000000707200000, 0x0000000707200000, 0x0000000707400000|  0%| F|  |TAMS 0x0000000707200000| PB 0x0000000707200000| Untracked 
|  20|0x0000000707400000, 0x0000000707400000, 0x0000000707600000|  0%| F|  |TAMS 0x0000000707400000| PB 0x0000000707400000| Untracked 
|  21|0x0000000707600000, 0x0000000707600000, 0x0000000707800000|  0%| F|  |TAMS 0x0000000707600000| PB 0x0000000707600000| Untracked 
|  22|0x0000000707800000, 0x0000000707800000, 0x0000000707a00000|  0%| F|  |TAMS 0x0000000707800000| PB 0x0000000707800000| Untracked 
|  23|0x0000000707a00000, 0x0000000707a00000, 0x0000000707c00000|  0%| F|  |TAMS 0x0000000707a00000| PB 0x0000000707a00000| Untracked 
|  24|0x0000000707c00000, 0x0000000707c00000, 0x0000000707e00000|  0%| F|  |TAMS 0x0000000707c00000| PB 0x0000000707c00000| Untracked 
|  25|0x0000000707e00000, 0x0000000707e00000, 0x0000000708000000|  0%| F|  |TAMS 0x0000000707e00000| PB 0x0000000707e00000| Untracked 
|  26|0x0000000708000000, 0x0000000708000000, 0x0000000708200000|  0%| F|  |TAMS 0x0000000708000000| PB 0x0000000708000000| Untracked 
|  27|0x0000000708200000, 0x0000000708200000, 0x0000000708400000|  0%| F|  |TAMS 0x0000000708200000| PB 0x0000000708200000| Untracked 
|  28|0x0000000708400000, 0x0000000708400000, 0x0000000708600000|  0%| F|  |TAMS 0x0000000708400000| PB 0x0000000708400000| Untracked 
|  29|0x0000000708600000, 0x0000000708600000, 0x0000000708800000|  0%| F|  |TAMS 0x0000000708600000| PB 0x0000000708600000| Untracked 
|  30|0x0000000708800000, 0x0000000708800000, 0x0000000708a00000|  0%| F|  |TAMS 0x0000000708800000| PB 0x0000000708800000| Untracked 
|  31|0x0000000708a00000, 0x0000000708a00000, 0x0000000708c00000|  0%| F|  |TAMS 0x0000000708a00000| PB 0x0000000708a00000| Untracked 
|  32|0x0000000708c00000, 0x0000000708c00000, 0x0000000708e00000|  0%| F|  |TAMS 0x0000000708c00000| PB 0x0000000708c00000| Untracked 
|  33|0x0000000708e00000, 0x0000000708e00000, 0x0000000709000000|  0%| F|  |TAMS 0x0000000708e00000| PB 0x0000000708e00000| Untracked 
|  34|0x0000000709000000, 0x0000000709000000, 0x0000000709200000|  0%| F|  |TAMS 0x0000000709000000| PB 0x0000000709000000| Untracked 
|  35|0x0000000709200000, 0x0000000709200000, 0x0000000709400000|  0%| F|  |TAMS 0x0000000709200000| PB 0x0000000709200000| Untracked 
|  36|0x0000000709400000, 0x0000000709400000, 0x0000000709600000|  0%| F|  |TAMS 0x0000000709400000| PB 0x0000000709400000| Untracked 
|  37|0x0000000709600000, 0x0000000709600000, 0x0000000709800000|  0%| F|  |TAMS 0x0000000709600000| PB 0x0000000709600000| Untracked 
|  38|0x0000000709800000, 0x0000000709800000, 0x0000000709a00000|  0%| F|  |TAMS 0x0000000709800000| PB 0x0000000709800000| Untracked 
|  39|0x0000000709a00000, 0x0000000709a00000, 0x0000000709c00000|  0%| F|  |TAMS 0x0000000709a00000| PB 0x0000000709a00000| Untracked 
|  40|0x0000000709c00000, 0x0000000709c00000, 0x0000000709e00000|  0%| F|  |TAMS 0x0000000709c00000| PB 0x0000000709c00000| Untracked 
|  41|0x0000000709e00000, 0x0000000709e00000, 0x000000070a000000|  0%| F|  |TAMS 0x0000000709e00000| PB 0x0000000709e00000| Untracked 
|  42|0x000000070a000000, 0x000000070a000000, 0x000000070a200000|  0%| F|  |TAMS 0x000000070a000000| PB 0x000000070a000000| Untracked 
|  43|0x000000070a200000, 0x000000070a200000, 0x000000070a400000|  0%| F|  |TAMS 0x000000070a200000| PB 0x000000070a200000| Untracked 
|  44|0x000000070a400000, 0x000000070a400000, 0x000000070a600000|  0%| F|  |TAMS 0x000000070a400000| PB 0x000000070a400000| Untracked 
|  45|0x000000070a600000, 0x000000070a600000, 0x000000070a800000|  0%| F|  |TAMS 0x000000070a600000| PB 0x000000070a600000| Untracked 
|  46|0x000000070a800000, 0x000000070a800000, 0x000000070aa00000|  0%| F|  |TAMS 0x000000070a800000| PB 0x000000070a800000| Untracked 
|  47|0x000000070aa00000, 0x000000070aa00000, 0x000000070ac00000|  0%| F|  |TAMS 0x000000070aa00000| PB 0x000000070aa00000| Untracked 
|  48|0x000000070ac00000, 0x000000070ac00000, 0x000000070ae00000|  0%| F|  |TAMS 0x000000070ac00000| PB 0x000000070ac00000| Untracked 
|  49|0x000000070ae00000, 0x000000070ae00000, 0x000000070b000000|  0%| F|  |TAMS 0x000000070ae00000| PB 0x000000070ae00000| Untracked 
|  50|0x000000070b000000, 0x000000070b000000, 0x000000070b200000|  0%| F|  |TAMS 0x000000070b000000| PB 0x000000070b000000| Untracked 
|  51|0x000000070b200000, 0x000000070b200000, 0x000000070b400000|  0%| F|  |TAMS 0x000000070b200000| PB 0x000000070b200000| Untracked 
|  52|0x000000070b400000, 0x000000070b400000, 0x000000070b600000|  0%| F|  |TAMS 0x000000070b400000| PB 0x000000070b400000| Untracked 
|  53|0x000000070b600000, 0x000000070b600000, 0x000000070b800000|  0%| F|  |TAMS 0x000000070b600000| PB 0x000000070b600000| Untracked 
|  54|0x000000070b800000, 0x000000070b800000, 0x000000070ba00000|  0%| F|  |TAMS 0x000000070b800000| PB 0x000000070b800000| Untracked 
|  55|0x000000070ba00000, 0x000000070ba00000, 0x000000070bc00000|  0%| F|  |TAMS 0x000000070ba00000| PB 0x000000070ba00000| Untracked 
|  56|0x000000070bc00000, 0x000000070bc00000, 0x000000070be00000|  0%| F|  |TAMS 0x000000070bc00000| PB 0x000000070bc00000| Untracked 
|  57|0x000000070be00000, 0x000000070be00000, 0x000000070c000000|  0%| F|  |TAMS 0x000000070be00000| PB 0x000000070be00000| Untracked 
|  58|0x000000070c000000, 0x000000070c000000, 0x000000070c200000|  0%| F|  |TAMS 0x000000070c000000| PB 0x000000070c000000| Untracked 
|  59|0x000000070c200000, 0x000000070c200000, 0x000000070c400000|  0%| F|  |TAMS 0x000000070c200000| PB 0x000000070c200000| Untracked 
|  60|0x000000070c400000, 0x000000070c400000, 0x000000070c600000|  0%| F|  |TAMS 0x000000070c400000| PB 0x000000070c400000| Untracked 
|  61|0x000000070c600000, 0x000000070c600000, 0x000000070c800000|  0%| F|  |TAMS 0x000000070c600000| PB 0x000000070c600000| Untracked 
|  62|0x000000070c800000, 0x000000070c800000, 0x000000070ca00000|  0%| F|  |TAMS 0x000000070c800000| PB 0x000000070c800000| Untracked 
|  63|0x000000070ca00000, 0x000000070ca00000, 0x000000070cc00000|  0%| F|  |TAMS 0x000000070ca00000| PB 0x000000070ca00000| Untracked 
|  64|0x000000070cc00000, 0x000000070cc00000, 0x000000070ce00000|  0%| F|  |TAMS 0x000000070cc00000| PB 0x000000070cc00000| Untracked 
|  65|0x000000070ce00000, 0x000000070ce00000, 0x000000070d000000|  0%| F|  |TAMS 0x000000070ce00000| PB 0x000000070ce00000| Untracked 
|  66|0x000000070d000000, 0x000000070d000000, 0x000000070d200000|  0%| F|  |TAMS 0x000000070d000000| PB 0x000000070d000000| Untracked 
|  67|0x000000070d200000, 0x000000070d200000, 0x000000070d400000|  0%| F|  |TAMS 0x000000070d200000| PB 0x000000070d200000| Untracked 
|  68|0x000000070d400000, 0x000000070d400000, 0x000000070d600000|  0%| F|  |TAMS 0x000000070d400000| PB 0x000000070d400000| Untracked 
|  69|0x000000070d600000, 0x000000070d600000, 0x000000070d800000|  0%| F|  |TAMS 0x000000070d600000| PB 0x000000070d600000| Untracked 
|  70|0x000000070d800000, 0x000000070d800000, 0x000000070da00000|  0%| F|  |TAMS 0x000000070d800000| PB 0x000000070d800000| Untracked 
|  71|0x000000070da00000, 0x000000070da00000, 0x000000070dc00000|  0%| F|  |TAMS 0x000000070da00000| PB 0x000000070da00000| Untracked 
|  72|0x000000070dc00000, 0x000000070dc00000, 0x000000070de00000|  0%| F|  |TAMS 0x000000070dc00000| PB 0x000000070dc00000| Untracked 
|  73|0x000000070de00000, 0x000000070de00000, 0x000000070e000000|  0%| F|  |TAMS 0x000000070de00000| PB 0x000000070de00000| Untracked 
|  74|0x000000070e000000, 0x000000070e000000, 0x000000070e200000|  0%| F|  |TAMS 0x000000070e000000| PB 0x000000070e000000| Untracked 
|  75|0x000000070e200000, 0x000000070e200000, 0x000000070e400000|  0%| F|  |TAMS 0x000000070e200000| PB 0x000000070e200000| Untracked 
|  76|0x000000070e400000, 0x000000070e400000, 0x000000070e600000|  0%| F|  |TAMS 0x000000070e400000| PB 0x000000070e400000| Untracked 
|  77|0x000000070e600000, 0x000000070e600000, 0x000000070e800000|  0%| F|  |TAMS 0x000000070e600000| PB 0x000000070e600000| Untracked 
|  78|0x000000070e800000, 0x000000070e800000, 0x000000070ea00000|  0%| F|  |TAMS 0x000000070e800000| PB 0x000000070e800000| Untracked 
|  79|0x000000070ea00000, 0x000000070ea00000, 0x000000070ec00000|  0%| F|  |TAMS 0x000000070ea00000| PB 0x000000070ea00000| Untracked 
|  80|0x000000070ec00000, 0x000000070ec00000, 0x000000070ee00000|  0%| F|  |TAMS 0x000000070ec00000| PB 0x000000070ec00000| Untracked 
|  81|0x000000070ee00000, 0x000000070ee00000, 0x000000070f000000|  0%| F|  |TAMS 0x000000070ee00000| PB 0x000000070ee00000| Untracked 
|  82|0x000000070f000000, 0x000000070f000000, 0x000000070f200000|  0%| F|  |TAMS 0x000000070f000000| PB 0x000000070f000000| Untracked 
|  83|0x000000070f200000, 0x000000070f200000, 0x000000070f400000|  0%| F|  |TAMS 0x000000070f200000| PB 0x000000070f200000| Untracked 
|  84|0x000000070f400000, 0x000000070f400000, 0x000000070f600000|  0%| F|  |TAMS 0x000000070f400000| PB 0x000000070f400000| Untracked 
|  85|0x000000070f600000, 0x000000070f600000, 0x000000070f800000|  0%| F|  |TAMS 0x000000070f600000| PB 0x000000070f600000| Untracked 
|  86|0x000000070f800000, 0x000000070f800000, 0x000000070fa00000|  0%| F|  |TAMS 0x000000070f800000| PB 0x000000070f800000| Untracked 
|  87|0x000000070fa00000, 0x000000070fa00000, 0x000000070fc00000|  0%| F|  |TAMS 0x000000070fa00000| PB 0x000000070fa00000| Untracked 
|  88|0x000000070fc00000, 0x000000070fc00000, 0x000000070fe00000|  0%| F|  |TAMS 0x000000070fc00000| PB 0x000000070fc00000| Untracked 
|  89|0x000000070fe00000, 0x000000070fe00000, 0x0000000710000000|  0%| F|  |TAMS 0x000000070fe00000| PB 0x000000070fe00000| Untracked 
|  90|0x0000000710000000, 0x0000000710000000, 0x0000000710200000|  0%| F|  |TAMS 0x0000000710000000| PB 0x0000000710000000| Untracked 
|  91|0x0000000710200000, 0x0000000710200000, 0x0000000710400000|  0%| F|  |TAMS 0x0000000710200000| PB 0x0000000710200000| Untracked 
|  92|0x0000000710400000, 0x0000000710400000, 0x0000000710600000|  0%| F|  |TAMS 0x0000000710400000| PB 0x0000000710400000| Untracked 
|  93|0x0000000710600000, 0x0000000710600000, 0x0000000710800000|  0%| F|  |TAMS 0x0000000710600000| PB 0x0000000710600000| Untracked 
|  94|0x0000000710800000, 0x0000000710800000, 0x0000000710a00000|  0%| F|  |TAMS 0x0000000710800000| PB 0x0000000710800000| Untracked 
|  95|0x0000000710a00000, 0x0000000710a00000, 0x0000000710c00000|  0%| F|  |TAMS 0x0000000710a00000| PB 0x0000000710a00000| Untracked 
|  96|0x0000000710c00000, 0x0000000710c00000, 0x0000000710e00000|  0%| F|  |TAMS 0x0000000710c00000| PB 0x0000000710c00000| Untracked 
|  97|0x0000000710e00000, 0x0000000710e00000, 0x0000000711000000|  0%| F|  |TAMS 0x0000000710e00000| PB 0x0000000710e00000| Untracked 
|  98|0x0000000711000000, 0x0000000711000000, 0x0000000711200000|  0%| F|  |TAMS 0x0000000711000000| PB 0x0000000711000000| Untracked 
|  99|0x0000000711200000, 0x0000000711200000, 0x0000000711400000|  0%| F|  |TAMS 0x0000000711200000| PB 0x0000000711200000| Untracked 
| 100|0x0000000711400000, 0x0000000711400000, 0x0000000711600000|  0%| F|  |TAMS 0x0000000711400000| PB 0x0000000711400000| Untracked 
| 101|0x0000000711600000, 0x0000000711600000, 0x0000000711800000|  0%| F|  |TAMS 0x0000000711600000| PB 0x0000000711600000| Untracked 
| 102|0x0000000711800000, 0x0000000711800000, 0x0000000711a00000|  0%| F|  |TAMS 0x0000000711800000| PB 0x0000000711800000| Untracked 
| 103|0x0000000711a00000, 0x0000000711a00000, 0x0000000711c00000|  0%| F|  |TAMS 0x0000000711a00000| PB 0x0000000711a00000| Untracked 
| 104|0x0000000711c00000, 0x0000000711c00000, 0x0000000711e00000|  0%| F|  |TAMS 0x0000000711c00000| PB 0x0000000711c00000| Untracked 
| 105|0x0000000711e00000, 0x0000000711e00000, 0x0000000712000000|  0%| F|  |TAMS 0x0000000711e00000| PB 0x0000000711e00000| Untracked 
| 106|0x0000000712000000, 0x0000000712000000, 0x0000000712200000|  0%| F|  |TAMS 0x0000000712000000| PB 0x0000000712000000| Untracked 
| 107|0x0000000712200000, 0x0000000712200000, 0x0000000712400000|  0%| F|  |TAMS 0x0000000712200000| PB 0x0000000712200000| Untracked 
| 108|0x0000000712400000, 0x0000000712400000, 0x0000000712600000|  0%| F|  |TAMS 0x0000000712400000| PB 0x0000000712400000| Untracked 
| 109|0x0000000712600000, 0x0000000712600000, 0x0000000712800000|  0%| F|  |TAMS 0x0000000712600000| PB 0x0000000712600000| Untracked 
| 110|0x0000000712800000, 0x00000007129b24c0, 0x0000000712a00000| 84%| S|CS|TAMS 0x0000000712800000| PB 0x0000000712800000| Complete 
| 111|0x0000000712a00000, 0x0000000712a00000, 0x0000000712c00000|  0%| F|  |TAMS 0x0000000712a00000| PB 0x0000000712a00000| Untracked 
| 112|0x0000000712c00000, 0x0000000712c00000, 0x0000000712e00000|  0%| F|  |TAMS 0x0000000712c00000| PB 0x0000000712c00000| Untracked 
| 113|0x0000000712e00000, 0x0000000712e00000, 0x0000000713000000|  0%| F|  |TAMS 0x0000000712e00000| PB 0x0000000712e00000| Untracked 
| 114|0x0000000713000000, 0x0000000713000000, 0x0000000713200000|  0%| F|  |TAMS 0x0000000713000000| PB 0x0000000713000000| Untracked 
| 115|0x0000000713200000, 0x0000000713200000, 0x0000000713400000|  0%| F|  |TAMS 0x0000000713200000| PB 0x0000000713200000| Untracked 
| 116|0x0000000713400000, 0x0000000713400000, 0x0000000713600000|  0%| F|  |TAMS 0x0000000713400000| PB 0x0000000713400000| Untracked 
| 117|0x0000000713600000, 0x0000000713600000, 0x0000000713800000|  0%| F|  |TAMS 0x0000000713600000| PB 0x0000000713600000| Untracked 
| 118|0x0000000713800000, 0x0000000713800000, 0x0000000713a00000|  0%| F|  |TAMS 0x0000000713800000| PB 0x0000000713800000| Untracked 
| 119|0x0000000713a00000, 0x0000000713a00000, 0x0000000713c00000|  0%| F|  |TAMS 0x0000000713a00000| PB 0x0000000713a00000| Untracked 
| 120|0x0000000713c00000, 0x0000000713c00000, 0x0000000713e00000|  0%| F|  |TAMS 0x0000000713c00000| PB 0x0000000713c00000| Untracked 
| 121|0x0000000713e00000, 0x0000000713e93f00, 0x0000000714000000| 28%| E|  |TAMS 0x0000000713e00000| PB 0x0000000713e00000| Complete 
| 122|0x0000000714000000, 0x0000000714200000, 0x0000000714200000|100%| E|CS|TAMS 0x0000000714000000| PB 0x0000000714000000| Complete 
| 123|0x0000000714200000, 0x0000000714400000, 0x0000000714400000|100%| E|CS|TAMS 0x0000000714200000| PB 0x0000000714200000| Complete 
| 124|0x0000000714400000, 0x0000000714600000, 0x0000000714600000|100%| E|CS|TAMS 0x0000000714400000| PB 0x0000000714400000| Complete 
| 125|0x0000000714600000, 0x0000000714800000, 0x0000000714800000|100%| E|CS|TAMS 0x0000000714600000| PB 0x0000000714600000| Complete 

Card table byte_map: [0x000001dd37c00000,0x000001dd383e0000] _byte_map_base: 0x000001dd343da000

Marking Bits: (CMBitMap*) 0x000001dd24f70630
 Bits: [0x000001dd383e0000, 0x000001dd3c2b0000)

Polling page: 0x000001dd22d30000

Metaspace:

Usage:
  Non-class:     13.00 MB used.
      Class:      1.79 MB used.
       Both:     14.79 MB used.

Virtual space:
  Non-class space:       64.00 MB reserved,      13.06 MB ( 20%) committed,  1 nodes.
      Class space:        1.00 GB reserved,       1.88 MB ( <1%) committed,  1 nodes.
             Both:        1.06 GB reserved,      14.94 MB (  1%) committed. 

Chunk freelists:
   Non-Class:  2.73 MB
       Class:  14.07 MB
        Both:  16.80 MB

MaxMetaspaceSize: unlimited
CompressedClassSpaceSize: 1.00 GB
Initial GC threshold: 21.00 MB
Current GC threshold: 21.00 MB
CDS: on
 - commit_granule_bytes: 65536.
 - commit_granule_words: 8192.
 - virtual_space_node_default_size: 8388608.
 - enlarge_chunks_in_place: 1.
 - use_allocation_guard: 0.


Internal statistics:

num_allocs_failed_limit: 0.
num_arena_births: 174.
num_arena_deaths: 0.
num_vsnodes_births: 2.
num_vsnodes_deaths: 0.
num_space_committed: 239.
num_space_uncommitted: 0.
num_chunks_returned_to_freelist: 0.
num_chunks_taken_from_freelist: 627.
num_chunk_merges: 0.
num_chunk_splits: 452.
num_chunks_enlarged: 369.
num_inconsistent_stats: 0.

CodeHeap 'non-profiled nmethods': size=120000Kb used=743Kb max_used=743Kb free=119256Kb
 bounds [0x000001dd2fbc0000, 0x000001dd2fe30000, 0x000001dd370f0000]
CodeHeap 'profiled nmethods': size=120000Kb used=3702Kb max_used=3702Kb free=116297Kb
 bounds [0x000001dd280f0000, 0x000001dd28490000, 0x000001dd2f620000]
CodeHeap 'non-nmethods': size=5760Kb used=1536Kb max_used=1551Kb free=4223Kb
 bounds [0x000001dd2f620000, 0x000001dd2f890000, 0x000001dd2fbc0000]
 total_blobs=2518 nmethods=2028 adapters=394
 compilation: enabled
              stopped_count=0, restarted_count=0
 full_count=0

Compilation events (20 events):
Event: 2.003 Thread 0x000001dd840050f0 1993       3       java.util.LinkedHashMap$LinkedKeySet::iterator (16 bytes)
Event: 2.003 Thread 0x000001dd840050f0 nmethod 1993 0x000001dd28478d90 code [0x000001dd28478f40, 0x000001dd28479158]
Event: 2.003 Thread 0x000001dd840050f0 1994       3       java.util.LinkedHashMap$LinkedKeyIterator::<init> (7 bytes)
Event: 2.003 Thread 0x000001dd840050f0 nmethod 1994 0x000001dd28479290 code [0x000001dd28479440, 0x000001dd28479578]
Event: 2.003 Thread 0x000001dd840050f0 1995       1       org.springframework.context.annotation.ConfigurationClassParser$SourceClass::getMetadata (5 bytes)
Event: 2.003 Thread 0x000001dd840050f0 nmethod 1995 0x000001dd2fc79510 code [0x000001dd2fc796a0, 0x000001dd2fc79770]
Event: 2.003 Thread 0x000001dd840050f0 1996       3       java.util.concurrent.ConcurrentHashMap$ValueIterator::<init> (12 bytes)
Event: 2.003 Thread 0x000001dd840050f0 nmethod 1996 0x000001dd28479610 code [0x000001dd284797c0, 0x000001dd284798f8]
Event: 2.003 Thread 0x000001dd840050f0 1997       3       java.util.Collections$UnmodifiableCollection::iterator (9 bytes)
Event: 2.004 Thread 0x000001dd840050f0 nmethod 1997 0x000001dd28479990 code [0x000001dd28479b60, 0x000001dd28479f28]
Event: 2.004 Thread 0x000001dd840050f0 1998       3       java.util.Collections$UnmodifiableCollection$1::<init> (26 bytes)
Event: 2.004 Thread 0x000001dd840050f0 nmethod 1998 0x000001dd2847a090 code [0x000001dd2847a260, 0x000001dd2847a570]
Event: 2.004 Thread 0x000001dd840050f0 1999       3       org.springframework.core.annotation.MergedAnnotation::missing (4 bytes)
Event: 2.004 Thread 0x000001dd840050f0 nmethod 1999 0x000001dd2847a690 code [0x000001dd2847a840, 0x000001dd2847a990]
Event: 2.004 Thread 0x000001dd840050f0 2000       3       org.springframework.asm.ClassReader::getFirstAttributeOffset (136 bytes)
Event: 2.004 Thread 0x000001dd840050f0 nmethod 2000 0x000001dd2847aa90 code [0x000001dd2847ace0, 0x000001dd2847b370]
Event: 2.004 Thread 0x000001dd840050f0 2001       3       org.springframework.core.type.classreading.SimpleAnnotationMetadataReadingVisitor::toClassName (5 bytes)
Event: 2.004 Thread 0x000001dd840050f0 nmethod 2001 0x000001dd2847b610 code [0x000001dd2847b7e0, 0x000001dd2847bb00]
Event: 2.004 Thread 0x000001dd840050f0 2002       3       org.springframework.util.ClassUtils::convertResourcePathToClassName (15 bytes)
Event: 2.004 Thread 0x000001dd840050f0 nmethod 2002 0x000001dd2847bc90 code [0x000001dd2847be60, 0x000001dd2847c0f8]

GC Heap History (4 events):
Event: 0.857 GC heap before
{Heap before GC invocations=0 (full 0):
 garbage-first heap   total 258048K, used 22528K [0x0000000704c00000, 0x0000000800000000)
  region size 2048K, 11 young (22528K), 0 survivors (0K)
 Metaspace       used 6512K, committed 6720K, reserved 1114112K
  class space    used 773K, committed 896K, reserved 1048576K
}
Event: 0.861 GC heap after
{Heap after GC invocations=1 (full 0):
 garbage-first heap   total 258048K, used 5821K [0x0000000704c00000, 0x0000000800000000)
  region size 2048K, 2 young (4096K), 2 survivors (4096K)
 Metaspace       used 6512K, committed 6720K, reserved 1114112K
  class space    used 773K, committed 896K, reserved 1048576K
}
Event: 1.296 GC heap before
{Heap before GC invocations=1 (full 0):
 garbage-first heap   total 258048K, used 32445K [0x0000000704c00000, 0x0000000800000000)
  region size 2048K, 15 young (30720K), 2 survivors (4096K)
 Metaspace       used 13922K, committed 14208K, reserved 1114112K
  class space    used 1710K, committed 1856K, reserved 1048576K
}
Event: 1.300 GC heap after
{Heap after GC invocations=2 (full 0):
 garbage-first heap   total 258048K, used 7441K [0x0000000704c00000, 0x0000000800000000)
  region size 2048K, 1 young (2048K), 1 survivors (2048K)
 Metaspace       used 13922K, committed 14208K, reserved 1114112K
  class space    used 1710K, committed 1856K, reserved 1048576K
}

Dll operation events (9 events):
Event: 0.006 Loaded shared library C:\Users\Achinika\.vscode\extensions\redhat.java-1.42.0-win32-x64\jre\21.0.7-win32-x86_64\bin\java.dll
Event: 0.032 Loaded shared library C:\Users\Achinika\.vscode\extensions\redhat.java-1.42.0-win32-x64\jre\21.0.7-win32-x86_64\bin\zip.dll
Event: 0.100 Loaded shared library C:\Users\Achinika\.vscode\extensions\redhat.java-1.42.0-win32-x64\jre\21.0.7-win32-x86_64\bin\net.dll
Event: 0.101 Loaded shared library C:\Users\Achinika\.vscode\extensions\redhat.java-1.42.0-win32-x64\jre\21.0.7-win32-x86_64\bin\nio.dll
Event: 0.104 Loaded shared library C:\Users\Achinika\.vscode\extensions\redhat.java-1.42.0-win32-x64\jre\21.0.7-win32-x86_64\bin\zip.dll
Event: 0.154 Loaded shared library C:\Users\Achinika\.vscode\extensions\redhat.java-1.42.0-win32-x64\jre\21.0.7-win32-x86_64\bin\verify.dll
Event: 0.158 Loaded shared library C:\Users\Achinika\.vscode\extensions\redhat.java-1.42.0-win32-x64\jre\21.0.7-win32-x86_64\bin\jimage.dll
Event: 0.933 Loaded shared library C:\Users\Achinika\.vscode\extensions\redhat.java-1.42.0-win32-x64\jre\21.0.7-win32-x86_64\bin\management.dll
Event: 0.937 Loaded shared library C:\Users\Achinika\.vscode\extensions\redhat.java-1.42.0-win32-x64\jre\21.0.7-win32-x86_64\bin\management_ext.dll

Deoptimization events (20 events):
Event: 1.276 Thread 0x000001dd84d966f0 DEOPT PACKING pc=0x000001dd2fbf2fb4 sp=0x0000002f8b5fe060
Event: 1.276 Thread 0x000001dd84d966f0 DEOPT UNPACKING pc=0x000001dd2f677da2 sp=0x0000002f8b5fdfd0 mode 2
Event: 1.313 Thread 0x000001dd24f017e0 Uncommon trap: trap_request=0xffffff45 fr.pc=0x000001dd2fc25568 relative=0x0000000000000208
Event: 1.313 Thread 0x000001dd24f017e0 Uncommon trap: reason=unstable_if action=reinterpret pc=0x000001dd2fc25568 method=java.io.WinNTFileSystem.normalize(Ljava/lang/String;)Ljava/lang/String; @ 128 c2
Event: 1.313 Thread 0x000001dd24f017e0 DEOPT PACKING pc=0x000001dd2fc25568 sp=0x0000002f89bfe4e0
Event: 1.313 Thread 0x000001dd24f017e0 DEOPT UNPACKING pc=0x000001dd2f677da2 sp=0x0000002f89bfe458 mode 2
Event: 1.313 Thread 0x000001dd24f017e0 Uncommon trap: trap_request=0xffffff45 fr.pc=0x000001dd2fbfc654 relative=0x00000000000008d4
Event: 1.313 Thread 0x000001dd24f017e0 Uncommon trap: reason=unstable_if action=reinterpret pc=0x000001dd2fbfc654 method=java.util.zip.ZipCoder.hash(Ljava/lang/String;)I @ 23 c2
Event: 1.313 Thread 0x000001dd24f017e0 DEOPT PACKING pc=0x000001dd2fbfc654 sp=0x0000002f89bfe5b0
Event: 1.313 Thread 0x000001dd24f017e0 DEOPT UNPACKING pc=0x000001dd2f677da2 sp=0x0000002f89bfe460 mode 2
Event: 1.313 Thread 0x000001dd24f017e0 Uncommon trap: trap_request=0xffffff45 fr.pc=0x000001dd2fbfb1d4 relative=0x0000000000000674
Event: 1.313 Thread 0x000001dd24f017e0 Uncommon trap: reason=unstable_if action=reinterpret pc=0x000001dd2fbfb1d4 method=java.util.zip.ZipCoder.hash(Ljava/lang/String;)I @ 23 c2
Event: 1.313 Thread 0x000001dd24f017e0 DEOPT PACKING pc=0x000001dd2fbfb1d4 sp=0x0000002f89bfe540
Event: 1.313 Thread 0x000001dd24f017e0 DEOPT UNPACKING pc=0x000001dd2f677da2 sp=0x0000002f89bfe460 mode 2
Event: 1.313 Thread 0x000001dd24f017e0 Uncommon trap: trap_request=0xffffff45 fr.pc=0x000001dd2fbfa5f4 relative=0x0000000000000374
Event: 1.313 Thread 0x000001dd24f017e0 Uncommon trap: reason=unstable_if action=reinterpret pc=0x000001dd2fbfa5f4 method=java.util.zip.ZipCoder.hash(Ljava/lang/String;)I @ 23 c2
Event: 1.313 Thread 0x000001dd24f017e0 DEOPT PACKING pc=0x000001dd2fbfa5f4 sp=0x0000002f89bfe4d0
Event: 1.313 Thread 0x000001dd24f017e0 DEOPT UNPACKING pc=0x000001dd2f677da2 sp=0x0000002f89bfe458 mode 2
Event: 2.003 Thread 0x000001dd24f017e0 DEOPT PACKING pc=0x000001dd284182a7 sp=0x0000002f89bfe8b0
Event: 2.003 Thread 0x000001dd24f017e0 DEOPT UNPACKING pc=0x000001dd2f6788e2 sp=0x0000002f89bfdd88 mode 0

Classes loaded (20 events):
Event: 1.286 Loading class java/util/AbstractList$Itr done
Event: 1.286 Loading class java/util/AbstractList$ListItr done
Event: 1.292 Loading class java/util/concurrent/ConcurrentLinkedDeque$Itr
Event: 1.292 Loading class java/util/concurrent/ConcurrentLinkedDeque$AbstractItr
Event: 1.292 Loading class java/util/concurrent/ConcurrentLinkedDeque$AbstractItr done
Event: 1.292 Loading class java/util/concurrent/ConcurrentLinkedDeque$Itr done
Event: 1.305 Loading class java/net/SocketException
Event: 1.305 Loading class java/net/SocketException done
Event: 1.314 Loading class java/util/StringTokenizer
Event: 1.314 Loading class java/util/StringTokenizer done
Event: 1.315 Loading class java/util/regex/Pattern$LazyLoop
Event: 1.315 Loading class java/util/regex/Pattern$Loop
Event: 1.315 Loading class java/util/regex/Pattern$Loop done
Event: 1.315 Loading class java/util/regex/Pattern$LazyLoop done
Event: 1.315 Loading class java/util/regex/Pattern$Prolog
Event: 1.315 Loading class java/util/regex/Pattern$Prolog done
Event: 1.327 Loading class java/lang/AssertionError
Event: 1.327 Loading class java/lang/AssertionError done
Event: 1.337 Loading class java/lang/Deprecated
Event: 1.337 Loading class java/lang/Deprecated done

Classes unloaded (0 events):
No events

Classes redefined (0 events):
No events

Internal exceptions (20 events):
Event: 1.280 Thread 0x000001dd24f017e0 Exception <a 'java/lang/IncompatibleClassChangeError'{0x0000000712a332d0}: Found class java.lang.Object, but interface was expected> (0x0000000712a332d0) 
thrown [s\src\hotspot\share\interpreter\linkResolver.cpp, line 840]
Event: 1.284 Thread 0x000001dd24f017e0 Exception <a 'java/lang/ClassNotFoundException'{0x0000000712a50628}: org/springframework/context/annotation/ConfigurationClassPostProcessorCustomizer> (0x0000000712a50628) 
thrown [s\src\hotspot\share\classfile\systemDictionary.cpp, line 312]
Event: 1.287 Thread 0x000001dd24f017e0 Exception <a 'java/lang/ClassNotFoundException'{0x0000000712afcfe0}: org/springframework/beans/factory/support/BeanDefinitionRegistryPostProcessorCustomizer> (0x0000000712afcfe0) 
thrown [s\src\hotspot\share\classfile\systemDictionary.cpp, line 312]
Event: 1.287 Thread 0x000001dd24f017e0 Exception <a 'java/lang/ClassNotFoundException'{0x0000000712b01720}: org/springframework/beans/factory/config/BeanFactoryPostProcessorCustomizer> (0x0000000712b01720) 
thrown [s\src\hotspot\share\classfile\systemDictionary.cpp, line 312]
Event: 1.287 Thread 0x000001dd84d966f0 Exception <a 'java/lang/NoSuchMethodError'{0x0000000712ad5f00}: 'long java.lang.invoke.DirectMethodHandle$Holder.invokeSpecial(java.lang.Object, java.lang.Object)'> (0x0000000712ad5f00) 
thrown [s\src\hotspot\share\interpreter\linkResolver.cpp, line 773]
Event: 1.287 Thread 0x000001dd24f017e0 Exception <a 'java/lang/ClassNotFoundException'{0x0000000712b05c80}: org/springframework/core/PriorityOrderedCustomizer> (0x0000000712b05c80) 
thrown [s\src\hotspot\share\classfile\systemDictionary.cpp, line 312]
Event: 1.288 Thread 0x000001dd24f017e0 Exception <a 'java/lang/ClassNotFoundException'{0x0000000712b08ed0}: org/springframework/core/OrderedCustomizer> (0x0000000712b08ed0) 
thrown [s\src\hotspot\share\classfile\systemDictionary.cpp, line 312]
Event: 1.288 Thread 0x000001dd24f017e0 Exception <a 'java/lang/ClassNotFoundException'{0x0000000712b0d250}: org/springframework/context/ResourceLoaderAwareCustomizer> (0x0000000712b0d250) 
thrown [s\src\hotspot\share\classfile\systemDictionary.cpp, line 312]
Event: 1.288 Thread 0x000001dd24f017e0 Exception <a 'java/lang/ClassNotFoundException'{0x0000000712b11760}: org/springframework/beans/factory/AwareCustomizer> (0x0000000712b11760) 
thrown [s\src\hotspot\share\classfile\systemDictionary.cpp, line 312]
Event: 1.288 Thread 0x000001dd84d966f0 Exception <a 'java/lang/NoSuchMethodError'{0x0000000712adff00}: 'long java.lang.invoke.DirectMethodHandle$Holder.invokeStatic(java.lang.Object, java.lang.Object)'> (0x0000000712adff00) 
thrown [s\src\hotspot\share\interpreter\linkResolver.cpp, line 773]
Event: 1.289 Thread 0x000001dd24f017e0 Exception <a 'java/lang/ClassNotFoundException'{0x0000000712b14c20}: org/springframework/context/ApplicationStartupAwareCustomizer> (0x0000000712b14c20) 
thrown [s\src\hotspot\share\classfile\systemDictionary.cpp, line 312]
Event: 1.289 Thread 0x000001dd84d966f0 Exception <a 'java/lang/NoSuchMethodError'{0x0000000712ae32a8}: 'long java.lang.invoke.DirectMethodHandle$Holder.invokeStaticInit(java.lang.Object, java.lang.Object)'> (0x0000000712ae32a8) 
thrown [s\src\hotspot\share\interpreter\linkResolver.cpp, line 773]
Event: 1.289 Thread 0x000001dd24f017e0 Exception <a 'java/lang/ClassNotFoundException'{0x0000000712b193b8}: org/springframework/beans/factory/AwareCustomizer> (0x0000000712b193b8) 
thrown [s\src\hotspot\share\classfile\systemDictionary.cpp, line 312]
Event: 1.289 Thread 0x000001dd24f017e0 Exception <a 'java/lang/ClassNotFoundException'{0x0000000712b1c8a0}: org/springframework/beans/factory/BeanClassLoaderAwareCustomizer> (0x0000000712b1c8a0) 
thrown [s\src\hotspot\share\classfile\systemDictionary.cpp, line 312]
Event: 1.289 Thread 0x000001dd24f017e0 Exception <a 'java/lang/ClassNotFoundException'{0x0000000712b20d98}: org/springframework/beans/factory/AwareCustomizer> (0x0000000712b20d98) 
thrown [s\src\hotspot\share\classfile\systemDictionary.cpp, line 312]
Event: 1.290 Thread 0x000001dd24f017e0 Exception <a 'java/lang/ClassNotFoundException'{0x0000000712b240b0}: org/springframework/context/EnvironmentAwareCustomizer> (0x0000000712b240b0) 
thrown [s\src\hotspot\share\classfile\systemDictionary.cpp, line 312]
Event: 1.290 Thread 0x000001dd24f017e0 Exception <a 'java/lang/ClassNotFoundException'{0x0000000712b28540}: org/springframework/beans/factory/AwareCustomizer> (0x0000000712b28540) 
thrown [s\src\hotspot\share\classfile\systemDictionary.cpp, line 312]
Event: 1.290 Thread 0x000001dd84d966f0 Exception <a 'java/lang/NoSuchMethodError'{0x0000000712b47fd0}: 'long java.lang.invoke.DirectMethodHandle$Holder.invokeInterface(java.lang.Object, java.lang.Object)'> (0x0000000712b47fd0) 
thrown [s\src\hotspot\share\interpreter\linkResolver.cpp, line 773]
Event: 1.290 Thread 0x000001dd84d966f0 Exception <a 'java/lang/IncompatibleClassChangeError'{0x0000000712b4b2a0}: Found class java.lang.Object, but interface was expected> (0x0000000712b4b2a0) 
thrown [s\src\hotspot\share\interpreter\linkResolver.cpp, line 840]
Event: 1.302 Thread 0x000001dd84d966f0 Exception <a 'java/lang/NoSuchMethodError'{0x0000000714609020}: 'java.lang.Object java.lang.invoke.DirectMethodHandle$Holder.invokeVirtual(java.lang.Object, java.lang.Object, java.lang.Object, java.lang.Object)'> (0x0000000714609020) 
thrown [s\src\hotspot\share\interpreter\linkResolver.cpp, line 773]

ZGC Phase Switch (0 events):
No events

VM Operations (20 events):
Event: 0.592 Executing VM operation: HandshakeAllThreads (Deoptimize)
Event: 0.592 Executing VM operation: HandshakeAllThreads (Deoptimize) done
Event: 0.668 Executing VM operation: HandshakeAllThreads (Deoptimize)
Event: 0.668 Executing VM operation: HandshakeAllThreads (Deoptimize) done
Event: 0.715 Executing VM operation: ICBufferFull
Event: 0.715 Executing VM operation: ICBufferFull done
Event: 0.837 Executing VM operation: HandshakeAllThreads (Deoptimize)
Event: 0.837 Executing VM operation: HandshakeAllThreads (Deoptimize) done
Event: 0.857 Executing VM operation: G1CollectForAllocation (G1 Evacuation Pause)
Event: 0.861 Executing VM operation: G1CollectForAllocation (G1 Evacuation Pause) done
Event: 1.017 Executing VM operation: HandshakeAllThreads (Deoptimize)
Event: 1.017 Executing VM operation: HandshakeAllThreads (Deoptimize) done
Event: 1.043 Executing VM operation: HandshakeAllThreads (Deoptimize)
Event: 1.043 Executing VM operation: HandshakeAllThreads (Deoptimize) done
Event: 1.269 Executing VM operation: ICBufferFull
Event: 1.269 Executing VM operation: ICBufferFull done
Event: 1.296 Executing VM operation: G1CollectForAllocation (G1 Evacuation Pause)
Event: 1.300 Executing VM operation: G1CollectForAllocation (G1 Evacuation Pause) done
Event: 1.307 Executing VM operation: HandshakeAllThreads (Deoptimize)
Event: 1.307 Executing VM operation: HandshakeAllThreads (Deoptimize) done

Memory protections (0 events):
No events

Nmethod flushes (0 events):
No events

Events (17 events):
Event: 0.022 Thread 0x000001dd24f017e0 Thread added: 0x000001dd24f017e0
Event: 0.033 Thread 0x000001dd24f017e0 Thread added: 0x000001dd3e6c1cf0
Event: 0.033 Thread 0x000001dd24f017e0 Thread added: 0x000001dd3e6c4750
Event: 0.033 Thread 0x000001dd24f017e0 Thread added: 0x000001dd3e6c9df0
Event: 0.033 Thread 0x000001dd24f017e0 Thread added: 0x000001dd3e6cb110
Event: 0.033 Thread 0x000001dd24f017e0 Thread added: 0x000001dd3e6cc1d0
Event: 0.034 Thread 0x000001dd24f017e0 Thread added: 0x000001dd3e6cd920
Event: 0.034 Thread 0x000001dd24f017e0 Thread added: 0x000001dd84003ec0
Event: 0.034 Thread 0x000001dd24f017e0 Thread added: 0x000001dd840050f0
Event: 0.065 Thread 0x000001dd24f017e0 Thread added: 0x000001dd8414b8c0
Event: 0.096 Thread 0x000001dd24f017e0 Thread added: 0x000001dd84161750
Event: 0.124 Thread 0x000001dd84003ec0 Thread added: 0x000001dd84159e70
Event: 0.389 Thread 0x000001dd84159e70 Thread exited: 0x000001dd84159e70
Event: 0.443 Thread 0x000001dd840050f0 Thread added: 0x000001dd84618da0
Event: 1.025 Thread 0x000001dd24f017e0 Thread added: 0x000001dd84d966f0
Event: 1.305 Thread 0x000001dd84d966f0 Thread exited: 0x000001dd84d966f0
Event: 1.515 Thread 0x000001dd84618da0 Thread exited: 0x000001dd84618da0


Dynamic libraries:
0x00007ff7c3a90000 - 0x00007ff7c3a9e000 	C:\Users\Achinika\.vscode\extensions\redhat.java-1.42.0-win32-x64\jre\21.0.7-win32-x86_64\bin\java.exe
0x00007ffe92520000 - 0x00007ffe92786000 	C:\WINDOWS\SYSTEM32\ntdll.dll
0x00007ffe91b90000 - 0x00007ffe91c59000 	C:\WINDOWS\System32\KERNEL32.DLL
0x00007ffe8fa50000 - 0x00007ffe8fe1c000 	C:\WINDOWS\System32\KERNELBASE.dll
0x00007ffe8fe20000 - 0x00007ffe8ff6b000 	C:\WINDOWS\System32\ucrtbase.dll
0x00007ffe69a80000 - 0x00007ffe69a98000 	C:\Users\Achinika\.vscode\extensions\redhat.java-1.42.0-win32-x64\jre\21.0.7-win32-x86_64\bin\jli.dll
0x00007ffe69cb0000 - 0x00007ffe69cce000 	C:\Users\Achinika\.vscode\extensions\redhat.java-1.42.0-win32-x64\jre\21.0.7-win32-x86_64\bin\VCRUNTIME140.dll
0x00007ffe92280000 - 0x00007ffe9244a000 	C:\WINDOWS\System32\USER32.dll
0x00007ffe74df0000 - 0x00007ffe7508a000 	C:\WINDOWS\WinSxS\amd64_microsoft.windows.common-controls_6595b64144ccf1df_6.0.26100.3912_none_3e07963ce335137e\COMCTL32.dll
0x00007ffe8f8a0000 - 0x00007ffe8f8c7000 	C:\WINDOWS\System32\win32u.dll
0x00007ffe92080000 - 0x00007ffe92129000 	C:\WINDOWS\System32\msvcrt.dll
0x00007ffe91b60000 - 0x00007ffe91b8b000 	C:\WINDOWS\System32\GDI32.dll
0x00007ffe8f760000 - 0x00007ffe8f892000 	C:\WINDOWS\System32\gdi32full.dll
0x00007ffe8f6b0000 - 0x00007ffe8f753000 	C:\WINDOWS\System32\msvcp_win.dll
0x00007ffe92130000 - 0x00007ffe92160000 	C:\WINDOWS\System32\IMM32.DLL
0x00007ffe74c50000 - 0x00007ffe74c5c000 	C:\Users\Achinika\.vscode\extensions\redhat.java-1.42.0-win32-x64\jre\21.0.7-win32-x86_64\bin\vcruntime140_1.dll
0x00007ffe4eb70000 - 0x00007ffe4ebfd000 	C:\Users\Achinika\.vscode\extensions\redhat.java-1.42.0-win32-x64\jre\21.0.7-win32-x86_64\bin\msvcp140.dll
0x00007ffdeff40000 - 0x00007ffdf0cd0000 	C:\Users\Achinika\.vscode\extensions\redhat.java-1.42.0-win32-x64\jre\21.0.7-win32-x86_64\bin\server\jvm.dll
0x00007ffe90400000 - 0x00007ffe904b2000 	C:\WINDOWS\System32\ADVAPI32.dll
0x00007ffe91fd0000 - 0x00007ffe92076000 	C:\WINDOWS\System32\sechost.dll
0x00007ffe902e0000 - 0x00007ffe903f6000 	C:\WINDOWS\System32\RPCRT4.dll
0x00007ffe91930000 - 0x00007ffe919a4000 	C:\WINDOWS\System32\WS2_32.dll
0x00007ffe8e2e0000 - 0x00007ffe8e33e000 	C:\WINDOWS\SYSTEM32\POWRPROF.dll
0x00007ffe75e10000 - 0x00007ffe75e46000 	C:\WINDOWS\SYSTEM32\WINMM.dll
0x00007ffe7fef0000 - 0x00007ffe7fefb000 	C:\WINDOWS\SYSTEM32\VERSION.dll
0x00007ffe8e2c0000 - 0x00007ffe8e2d4000 	C:\WINDOWS\SYSTEM32\UMPDC.dll
0x00007ffe8e590000 - 0x00007ffe8e5aa000 	C:\WINDOWS\SYSTEM32\kernel.appcore.dll
0x00007ffe73dc0000 - 0x00007ffe73dca000 	C:\Users\Achinika\.vscode\extensions\redhat.java-1.42.0-win32-x64\jre\21.0.7-win32-x86_64\bin\jimage.dll
0x00007ffe8c960000 - 0x00007ffe8cba1000 	C:\WINDOWS\SYSTEM32\DBGHELP.DLL
0x00007ffe913f0000 - 0x00007ffe91774000 	C:\WINDOWS\System32\combase.dll
0x00007ffe912a0000 - 0x00007ffe91380000 	C:\WINDOWS\System32\OLEAUT32.dll
0x00007ffe6c800000 - 0x00007ffe6c839000 	C:\WINDOWS\SYSTEM32\dbgcore.DLL
0x00007ffe8ff70000 - 0x00007ffe90009000 	C:\WINDOWS\System32\bcryptPrimitives.dll
0x00007ffe67500000 - 0x00007ffe6751f000 	C:\Users\Achinika\.vscode\extensions\redhat.java-1.42.0-win32-x64\jre\21.0.7-win32-x86_64\bin\java.dll
0x00007ffe90960000 - 0x00007ffe9108d000 	C:\WINDOWS\System32\SHELL32.dll
0x00007ffe8f8d0000 - 0x00007ffe8fa44000 	C:\WINDOWS\System32\wintypes.dll
0x00007ffe8d300000 - 0x00007ffe8db56000 	C:\WINDOWS\SYSTEM32\windows.storage.dll
0x00007ffe91c60000 - 0x00007ffe91d4f000 	C:\WINDOWS\System32\SHCORE.dll
0x00007ffe91f60000 - 0x00007ffe91fc9000 	C:\WINDOWS\System32\shlwapi.dll
0x00007ffe8f5c0000 - 0x00007ffe8f5ef000 	C:\WINDOWS\SYSTEM32\profapi.dll
0x00007ffe65a00000 - 0x00007ffe65a18000 	C:\Users\Achinika\.vscode\extensions\redhat.java-1.42.0-win32-x64\jre\21.0.7-win32-x86_64\bin\zip.dll
0x00007ffe73680000 - 0x00007ffe73690000 	C:\Users\Achinika\.vscode\extensions\redhat.java-1.42.0-win32-x64\jre\21.0.7-win32-x86_64\bin\net.dll
0x00007ffe80ea0000 - 0x00007ffe80fbe000 	C:\WINDOWS\SYSTEM32\WINHTTP.dll
0x00007ffe8eb00000 - 0x00007ffe8eb6a000 	C:\WINDOWS\system32\mswsock.dll
0x00007ffe659b0000 - 0x00007ffe659c6000 	C:\Users\Achinika\.vscode\extensions\redhat.java-1.42.0-win32-x64\jre\21.0.7-win32-x86_64\bin\nio.dll
0x00007ffe727c0000 - 0x00007ffe727d0000 	C:\Users\Achinika\.vscode\extensions\redhat.java-1.42.0-win32-x64\jre\21.0.7-win32-x86_64\bin\verify.dll
0x00007ffe6c1e0000 - 0x00007ffe6c1ea000 	C:\Users\Achinika\.vscode\extensions\redhat.java-1.42.0-win32-x64\jre\21.0.7-win32-x86_64\bin\management.dll
0x00007ffe6bcb0000 - 0x00007ffe6bcbb000 	C:\Users\Achinika\.vscode\extensions\redhat.java-1.42.0-win32-x64\jre\21.0.7-win32-x86_64\bin\management_ext.dll
0x00007ffe91d60000 - 0x00007ffe91d68000 	C:\WINDOWS\System32\PSAPI.DLL
0x00007ffe68cc0000 - 0x00007ffe68cd8000 	C:\WINDOWS\system32\napinsp.dll
0x00007ffe8e090000 - 0x00007ffe8e1b7000 	C:\WINDOWS\SYSTEM32\DNSAPI.dll
0x00007ffe8e050000 - 0x00007ffe8e083000 	C:\WINDOWS\SYSTEM32\IPHLPAPI.DLL
0x00007ffe90950000 - 0x00007ffe9095a000 	C:\WINDOWS\System32\NSI.dll
0x00007ffe68ca0000 - 0x00007ffe68cb2000 	C:\WINDOWS\System32\winrnr.dll
0x00007ffe68c60000 - 0x00007ffe68c90000 	C:\WINDOWS\system32\nlansp_c.dll
0x00007ffe68c40000 - 0x00007ffe68c56000 	C:\WINDOWS\system32\wshbth.dll
0x00007ffe7fb90000 - 0x00007ffe7fb9b000 	C:\Windows\System32\rasadhlp.dll
0x00007ffe86b60000 - 0x00007ffe86be6000 	C:\WINDOWS\System32\fwpuclnt.dll

dbghelp: loaded successfully - version: 4.0.5 - missing functions: none
symbol engine: initialized successfully - sym options: 0x614 - pdb path: .;C:\Users\Achinika\.vscode\extensions\redhat.java-1.42.0-win32-x64\jre\21.0.7-win32-x86_64\bin;C:\WINDOWS\SYSTEM32;C:\WINDOWS\WinSxS\amd64_microsoft.windows.common-controls_6595b64144ccf1df_6.0.26100.3912_none_3e07963ce335137e;C:\Users\Achinika\.vscode\extensions\redhat.java-1.42.0-win32-x64\jre\21.0.7-win32-x86_64\bin\server

VM Arguments:
jvm_args: -XX:+ShowCodeDetailsInExceptionMessages 
java_command: com.linhtch90.psnbackend.PsnBackendApplication
java_class_path (initial): C:\Users\Achinika\Desktop\paf_10_new\paf_10\PAF_BINGO_BE\PAF_BINGO_BE\Foodie-Social_media\target\classes;C:\Users\Achinika\.m2\repository\org\springframework\boot\spring-boot-starter-data-mongodb\2.6.2\spring-boot-starter-data-mongodb-2.6.2.jar;C:\Users\Achinika\.m2\repository\org\springframework\boot\spring-boot-starter\2.6.2\spring-boot-starter-2.6.2.jar;C:\Users\Achinika\.m2\repository\org\springframework\boot\spring-boot\2.6.2\spring-boot-2.6.2.jar;C:\Users\Achinika\.m2\repository\org\springframework\boot\spring-boot-autoconfigure\2.6.2\spring-boot-autoconfigure-2.6.2.jar;C:\Users\Achinika\.m2\repository\org\springframework\boot\spring-boot-starter-logging\2.6.2\spring-boot-starter-logging-2.6.2.jar;C:\Users\Achinika\.m2\repository\ch\qos\logback\logback-classic\1.2.9\logback-classic-1.2.9.jar;C:\Users\Achinika\.m2\repository\ch\qos\logback\logback-core\1.2.9\logback-core-1.2.9.jar;C:\Users\Achinika\.m2\repository\org\apache\logging\log4j\log4j-to-slf4j\2.17.0\log4j-to-slf4j-2.17.0.jar;C:\Users\Achinika\.m2\repository\org\apache\logging\log4j\log4j-api\2.17.0\log4j-api-2.17.0.jar;C:\Users\Achinika\.m2\repository\org\slf4j\jul-to-slf4j\1.7.32\jul-to-slf4j-1.7.32.jar;C:\Users\Achinika\.m2\repository\jakarta\annotation\jakarta.annotation-api\1.3.5\jakarta.annotation-api-1.3.5.jar;C:\Users\Achinika\.m2\repository\org\yaml\snakeyaml\1.29\snakeyaml-1.29.jar;C:\Users\Achinika\.m2\repository\org\mongodb\mongodb-driver-sync\4.4.0\mongodb-driver-sync-4.4.0.jar;C:\Users\Achinika\.m2\repository\org\mongodb\bson\4.4.0\bson-4.4.0.jar;C:\Users\Achinika\.m2\repository\org\mongodb\mongodb-driver-core\4.4.0\mongodb-driver-core-4.4.0.jar;C:\Users\Achinika\.m2\repository\org\springframework\data\spring-data-mongodb\3.3.0\spring-data-mongodb-3.3.0.jar;C:\Users\Achinika\.m2\repository\org\springframework\spring-tx\5.3.14\spring-tx-5.3.14.jar;C:\Users\Achinika\.m2\repository\org\springframework\spring-context\5.3.14\spring-context-5.3.14.jar;C:\Users\Achinika\.m2\repository\org\springframework\spring-beans\5.3.14\spring-beans-5.3.14.jar;C:\Users\Achinika\.m2\repository\org\springframework\spring-expression\5.3.14\spring-expression-5.3.14.jar;C:\Users\Achinika\.m2\repository\org\springframework\data\spring-data-commons\2.6.0\spring-data-commons-2.6.0.jar;C:\Users\Achinika\.m2\repository\org\slf4j\slf4j-api\1.7.32\slf4j-api-1.7.32.jar;C:\Users\Achinika\.m2\repository\org\springframework\boot\spring-boot-starter-web\2.6.2\spring-boot-starter-web-2.6.2.jar;C:\Users\Achinika\.m2\repository\org\springframework\boot\spring-boot-starter-json\2.6.2\spring-boot-starter-json-2.6.2.jar;C:\Users\Achinika\.m2\repository\com\fasterxml\jackson\datatype\jackson-datatype-jdk8\2.13.1\jackson-datatype-jdk8-2.13.1.jar;C:\Users\Achinika\.m2\repository\com\fasterxml\jackson\datatype\jackson-datatype-jsr310\2.13.1\jackson-datatype-jsr310-2.13.1.jar;C:\Users\Achinika\.m2\repository\com\fasterxml\jackson\module\jackson-module-parameter-names\2.13.1\jackson-module-parameter-names-2.13.1.jar;C:\Users\Achinika\.m2\repository\org\springframework\boot\spring-boot-starter-tomcat\2.6.2\spring-boot-starter-tomcat-2.6.2.jar;C:\Users\Achinika\.m2\repository\org\apache\tomcat\embed\tomcat-embed-core\9.0.56\tomcat-embed-core-9.0.56.jar;C:\Users\Achinika\.m2\repository\org\apache\tomcat\embed\tomcat-embed-el\9.0.56\tomcat-embed-el-9.0.56.jar;C:\Users\Achinika\.m2\repository\org\apache\tomcat\embed\tomcat-embed-websocket\9.0.56\tomcat-embed-websocket-9.0.56.jar;C:\Users\Achinika\.m2\repository\org\springframework\spring-web\5.3.14\spring-web-5.3.14.jar;C:\Users\Achinika\.m2\repository\org\springframework\spring-webmvc\5.3.14\spring-webmvc-5.3.14.jar;C:\Users\Achinika\.m2\repository\org\projectlombok\lombok\1.18.30\lombok-1.18.30.jar;C:\Users\Achinika\.m2\repository\org\springframework\spring-core\5.3.14\spring-core-5.3.14.jar;C:\Users\Achinika\.m2\repository\org\springframework\spring-jcl\5.3.14\spring-jcl-5.3.14.jar;C:\Users\Achinika\.m2\repository\io\jsonwebtoken\jjwt\0.9.1\jjwt-0.9.1.jar;C:\Users\Achinika\.m2\repository\com\fasterxml\jackson\core\jackson-databind\2.13.1\jackson-databind-2.13.1.jar;C:\Users\Achinika\.m2\repository\com\fasterxml\jackson\core\jackson-annotations\2.13.1\jackson-annotations-2.13.1.jar;C:\Users\Achinika\.m2\repository\com\fasterxml\jackson\core\jackson-core\2.13.1\jackson-core-2.13.1.jar;C:\Users\Achinika\.m2\repository\javax\xml\bind\jaxb-api\2.3.0\jaxb-api-2.3.0.jar;C:\Users\Achinika\.m2\repository\org\springframework\boot\spring-boot-starter-security\2.6.2\spring-boot-starter-security-2.6.2.jar;C:\Users\Achinika\.m2\repository\org\springframework\spring-aop\5.3.14\spring-aop-5.3.14.jar;C:\Users\Achinika\.m2\repository\org\springframework\security\spring-security-config\5.6.1\spring-security-config-5.6.1.jar;C:\Users\Achinika\.m2\repository\org\springframework\security\spring-security-web\5.6.1\spring-security-web-5.6.1.jar;C:\Users\Achinika\.m2\repository\org\springframework\security\spring-security-core\5.6.1\spring-security-core-5.6.1.jar;C:\Users\Achinika\.m2\repository\org\springframework\security\spring-security-crypto\5.6.1\spring-security-crypto-5.6.1.jar;C:\Users\Achinika\.m2\repository\commons-fileupload\commons-fileupload\1.5\commons-fileupload-1.5.jar;C:\Users\Achinika\.m2\repository\commons-io\commons-io\2.11.0\commons-io-2.11.0.jar
Launcher Type: SUN_STANDARD

[Global flags]
     intx CICompilerCount                          = 4                                         {product} {ergonomic}
     uint ConcGCThreads                            = 2                                         {product} {ergonomic}
     uint G1ConcRefinementThreads                  = 8                                         {product} {ergonomic}
   size_t G1HeapRegionSize                         = 2097152                                   {product} {ergonomic}
    uintx GCDrainStackTargetSize                   = 64                                        {product} {ergonomic}
   size_t InitialHeapSize                          = 264241152                                 {product} {ergonomic}
   size_t MarkStackSize                            = 4194304                                   {product} {ergonomic}
   size_t MaxHeapSize                              = 4215275520                                {product} {ergonomic}
   size_t MaxNewSize                               = 2529165312                                {product} {ergonomic}
   size_t MinHeapDeltaBytes                        = 2097152                                   {product} {ergonomic}
   size_t MinHeapSize                              = 8388608                                   {product} {ergonomic}
    uintx NonNMethodCodeHeapSize                   = 5839372                                {pd product} {ergonomic}
    uintx NonProfiledCodeHeapSize                  = 122909434                              {pd product} {ergonomic}
    uintx ProfiledCodeHeapSize                     = 122909434                              {pd product} {ergonomic}
    uintx ReservedCodeCacheSize                    = 251658240                              {pd product} {ergonomic}
     bool SegmentedCodeCache                       = true                                      {product} {ergonomic}
     bool ShowCodeDetailsInExceptionMessages       = true                                   {manageable} {command line}
   size_t SoftMaxHeapSize                          = 4215275520                             {manageable} {ergonomic}
     bool UseCompressedOops                        = true                           {product lp64_product} {ergonomic}
     bool UseG1GC                                  = true                                      {product} {ergonomic}
     bool UseLargePagesIndividualAllocation        = false                                  {pd product} {ergonomic}

Logging:
Log output configuration:
 #0: stdout all=warning uptime,level,tags foldmultilines=false
 #1: stderr all=off uptime,level,tags foldmultilines=false

Environment Variables:
PATH=C:\Users\Achinika\anaconda3;C:\Users\Achinika\anaconda3\Library\mingw-w64\bin;C:\Users\Achinika\anaconda3\Library\usr\bin;C:\Users\Achinika\anaconda3\Library\bin;C:\Users\Achinika\anaconda3\Scripts;C:\Users\Achinika\anaconda3\bin;C:\Users\Achinika\anaconda3\condabin;C:\Program Files\Common Files\Oracle\Java\javapath;C:\Program Files (x86)\Common Files\Oracle\Java\javapath;C:\Windows\system32;C:\Windows;C:\Windows\System32\Wbem;C:\Windows\System32\WindowsPowerShell\v1.0;C:\Windows\System32\OpenSSH;C:\Program Files (x86)\NVIDIA Corporation\PhysX\Common;C:\Program Files\Microsoft SQL Server\150\Tools\Binn;C:\Program Files\Microsoft SQL Server\Client SDK\ODBC\170\Tools\Binn;C:\Program Files (x86)\Microsoft SQL Server\150\Tools\Binn;C:\Program Files\Microsoft SQL Server\150\DTS\Binn;C:\Program Files\Azure Data Studio\bin;C:\ProgramData\chocolatey\bin;C:\WINDOWS\system32;C:\WINDOWS;C:\WINDOWS\System32\Wbem;C:\WINDOWS\System32\WindowsPowerShell\v1.0;C:\WINDOWS\System32\OpenSSH;C:\Program Files\nodejs;C:\flutter\sdk\flutter\bin;C:\Users\Achinika\Anaconda3;C:\Users\Achinika\Anaconda3\Scripts;C:\Users\Achinika\Anaconda3\Library\bin;D:\flutter\CMake\bin;C:\Program Files\Git\cmd;C:\buildTool\apache-maven-3.9.9\bin;C:\Users\Achinika\AppData\Local\Programs\Python\Python38\Scripts;C:\Users\Achinika\AppData\Local\Programs\Python\Python38;C:\Users\Achinika\.cargo\bin;C:\Users\Achinika\AppData\Local\Programs\Python\Python313\Scripts;C:\Users\Achinika\AppData\Local\Programs\Python\Python313;C:\Program Files\MySQL\MySQL Shell 8.0\bin;C:\Users\Achinika\AppData\Local\Programs\Python\Python311\Scripts;C:\Users\Achinika\AppData\Local\Programs\Python\Python311;C:\Users\Achinika\AppData\Local\Microsoft\WindowsApps;C:\Users\Achinika\AppData\Local\Programs\Microsoft VS Code\bin;C:\Program Files\Azure Data Studio\bin;C:\Program Files\JetBrains\IntelliJ IDEA Community Edition 2025.1\bin;.;C:\Users\Achinika\AppData\Roaming\npm;C:\Users\Achinika\AppData\Local\Programs\mongosh;D:\flutter\flutter_windows_3.22.2-stable\flutter\bin;C:\Program Files\Java\jdk-11\bin
USERNAME=Achinika
LANG=en_US.UTF-8
OS=Windows_NT
PROCESSOR_IDENTIFIER=Intel64 Family 6 Model 140 Stepping 1, GenuineIntel
TMP=C:\Users\Achinika\AppData\Local\Temp
TEMP=C:\Users\Achinika\AppData\Local\Temp




Periodic native trim disabled

---------------  S Y S T E M  ---------------

OS:
 Windows 11 , 64 bit Build 26100 (10.0.26100.3912)
OS uptime: 1 days 13:47 hours
Hyper-V role detected

CPU: total 8 (initial active 8) (4 cores per cpu, 2 threads per core) family 6 model 140 stepping 1 microcode 0xa6, cx8, cmov, fxsr, ht, mmx, 3dnowpref, sse, sse2, sse3, ssse3, sse4.1, sse4.2, popcnt, lzcnt, tsc, tscinvbit, avx, avx2, aes, erms, clmul, bmi1, bmi2, adx, avx512f, avx512dq, avx512cd, avx512bw, avx512vl, sha, fma, vzeroupper, avx512_vpopcntdq, avx512_vpclmulqdq, avx512_vaes, avx512_vnni, clflush, clflushopt, clwb, avx512_vbmi2, avx512_vbmi, hv, rdtscp, rdpid, fsrm, gfni, avx512_bitalg, f16c, cet_ibt, cet_ss, avx512_ifma
Processor Information for the first 8 processors :
  Max Mhz: 2803, Current Mhz: 2803, Mhz Limit: 2803

Memory: 4k page, system-wide physical 16078M (1380M free)
TotalPageFile size 28941M (AvailPageFile size 0M)
current process WorkingSet (physical memory assigned to process): 114M, peak: 114M
current process commit charge ("private bytes"): 368M, peak: 368M

vm_info: OpenJDK 64-Bit Server VM (21.0.7+6-LTS) for windows-amd64 JRE (21.0.7+6-LTS), built on 2025-04-15T00:00:00Z by "admin" with MS VC++ 17.7 (VS2022)

END.
